<?xml version="1.0" encoding="UTF-8"?>
<!-- Generated by org.testng.reporters.JUnitXMLReporter -->
<testsuite hostname="MDs-MacBook-Pro-5.local" ignored="0" name="Surefire test" tests="14" failures="0" timestamp="2020-02-23T19:56:59 EST" time="160.08" errors="0">
  <testcase name="clickon" time="2.371" classname="testhomepage.TestHomePage"/>
  <testcase name="testTopHeaderTag" time="2.18" classname="testhomepage.TestHomePage"/>
  <testcase name="testPracticeButton" time="2.389" classname="testhomepage.TestHomePage"/>
  <testcase name="testSelectClassBar" time="2.355" classname="testhomepage.TestHomePage"/>
  <testcase name="clickOnRadioButton" time="4.426" classname="testhomepage.TestHomePage"/>
  <testcase name="clickOnSelectButton" time="5.539" classname="testhomepage.TestHomePage"/>
  <testcase name="clickOnSelectMultiButton" time="5.849" classname="testhomepage.TestHomePage"/>
  <testcase name="clickOnCheckButton" time="5.527" classname="testhomepage.TestHomePage"/>
  <testcase name="newWindowOpen" time="5.777" classname="testhomepage.TestHomePage"/>
  <testcase name="newWindowOpen1" time="5.704" classname="testhomepage.TestHomePage"/>
  <testcase name="alertHandleAccept" time="5.017" classname="testhomepage.TestHomePage"/>
  <testcase name="alertHandleCancle" time="5.022" classname="testhomepage.TestHomePage"/>
  <testcase name="getTable" time="4.732" classname="testhomepage.TestHomePage"/>
  <testcase name="testiFrame" time="11.49" classname="testhomepage.TestHomePage"/>
</testsuite> <!-- Surefire test -->
