<?xml version="1.0" encoding="UTF-8"?>
<!-- Generated by org.testng.reporters.JUnitXMLReporter -->
<testsuite hostname="MDs-MacBook-Pro-5.local" ignored="0" name="Surefire test" tests="2" failures="2" timestamp="2020-02-23T19:57:22 EST" time="18.981" errors="0">
  <testcase name="testSearchFromDB" time="1.997" classname="testhome.TestHomePage">
    <failure type="java.sql.SQLSyntaxErrorException" message="Table &amp;apos;kolloldb.shuvro&amp;apos; doesn&amp;apos;t exist">
      <![CDATA[java.sql.SQLSyntaxErrorException: Table 'kolloldb.shuvro' doesn't exist
at com.mysql.cj.jdbc.exceptions.SQLError.createSQLException(SQLError.java:120)
at com.mysql.cj.jdbc.exceptions.SQLError.createSQLException(SQLError.java:97)
at com.mysql.cj.jdbc.exceptions.SQLExceptionsMapping.translateException(SQLExceptionsMapping.java:122)
at com.mysql.cj.jdbc.StatementImpl.executeQuery(StatementImpl.java:1200)
at databases.ConnectToSqlDB.readDataBase(ConnectToSqlDB.java:50)
at home.HomePage.searchDataBase(HomePage.java:21)
at testhome.TestHomePage.testSearchFromDB(TestHomePage.java:19)
at java.util.ArrayList.forEach(ArrayList.java:1257)
... Removed 32 stack frames]]>
    </failure>
  </testcase> <!-- testSearchFromDB -->
  <testcase name="testSearchFromExcel" time="1.091" classname="testhome.TestHomePage">
    <failure type="org.apache.poi.poifs.filesystem.OfficeXmlFileException" message="The supplied data appears to be in the Office 2007+ XML. You are calling the part of POI that deals with OLE2 Office Documents. You need to call a different part of POI to process this data (eg XSSF instead of HSSF)">
      <![CDATA[org.apache.poi.poifs.filesystem.OfficeXmlFileException: The supplied data appears to be in the Office 2007+ XML. You are calling the part of POI that deals with OLE2 Office Documents. You need to call a different part of POI to process this data (eg XSSF instead of HSSF)
at org.apache.poi.poifs.storage.HeaderBlock.<init>(HeaderBlock.java:126)
at org.apache.poi.poifs.storage.HeaderBlock.<init>(HeaderBlock.java:113)
at org.apache.poi.poifs.filesystem.NPOIFSFileSystem.<init>(NPOIFSFileSystem.java:301)
at org.apache.poi.hssf.usermodel.HSSFWorkbook.<init>(HSSFWorkbook.java:413)
at org.apache.poi.hssf.usermodel.HSSFWorkbook.<init>(HSSFWorkbook.java:394)
at utility.DataReader.fileReader1(DataReader.java:27)
at home.HomePage.searchFromExcel(HomePage.java:30)
at testhome.TestHomePage.testSearchFromExcel(TestHomePage.java:25)
at java.util.ArrayList.forEach(ArrayList.java:1257)
... Removed 32 stack frames]]>
    </failure>
  </testcase> <!-- testSearchFromExcel -->
</testsuite> <!-- Surefire test -->
